[0.471s] DEBUG:colcon:Command line arguments: ['/usr/bin/colcon', 'build', '--packages-select', 'turtlebot3_social']
[0.472s] DEBUG:colcon:Parsed command line arguments: Namespace(ament_cmake_args=None, base_paths=['.'], build_base='build', catkin_cmake_args=None, catkin_skip_building_tests=False, cmake_args=None, cmake_clean_cache=False, cmake_clean_first=False, cmake_force_configure=False, cmake_target=None, cmake_target_skip_unavailable=False, continue_on_error=False, event_handlers=None, executor='parallel', ignore_user_meta=False, install_base='install', log_base=None, log_level=None, main=<bound method BuildVerb.main of <colcon_core.verb.build.BuildVerb object at 0x7fe8989c1ac0>>, merge_install=False, metas=['./colcon.meta'], packages_above=None, packages_above_and_dependencies=None, packages_above_depth=None, packages_end=None, packages_ignore=None, packages_ignore_regex=None, packages_select=['turtlebot3_social'], packages_select_build_failed=False, packages_select_by_dep=None, packages_select_regex=None, packages_select_test_failures=False, packages_skip=None, packages_skip_build_finished=False, packages_skip_by_dep=None, packages_skip_regex=None, packages_skip_test_passed=False, packages_skip_up_to=None, packages_start=None, packages_up_to=None, packages_up_to_regex=None, parallel_workers=8, paths=None, symlink_install=False, test_result_base=None, verb_extension=<colcon_core.verb.build.BuildVerb object at 0x7fe8989c1ac0>, verb_name='build', verb_parser=<colcon_defaults.argument_parser.defaults.DefaultArgumentsDecorator object at 0x7fe8989ce070>)
[0.487s] Level 1:colcon.colcon_core.package_discovery:discover_packages(colcon_meta) check parameters
[0.488s] Level 1:colcon.colcon_core.package_discovery:discover_packages(recursive) check parameters
[0.488s] Level 1:colcon.colcon_core.package_discovery:discover_packages(ignore) check parameters
[0.488s] Level 1:colcon.colcon_core.package_discovery:discover_packages(path) check parameters
[0.488s] Level 1:colcon.colcon_core.package_discovery:discover_packages(colcon_meta) discover
[0.488s] Level 1:colcon.colcon_core.package_discovery:discover_packages(recursive) discover
[0.488s] INFO:colcon.colcon_core.package_discovery:Crawling recursively for packages in '/home/david/ros2_ws/src/gym_ped_sim'
[0.488s] Level 1:colcon.colcon_core.package_identification:_identify(.) by extensions ['ignore', 'ignore_ament_install']
[0.488s] Level 1:colcon.colcon_core.package_identification:_identify(.) by extension 'ignore'
[0.488s] Level 1:colcon.colcon_core.package_identification:_identify(.) by extension 'ignore_ament_install'
[0.489s] Level 1:colcon.colcon_core.package_identification:_identify(.) by extensions ['colcon_pkg']
[0.489s] Level 1:colcon.colcon_core.package_identification:_identify(.) by extension 'colcon_pkg'
[0.489s] Level 1:colcon.colcon_core.package_identification:_identify(.) by extensions ['colcon_meta']
[0.489s] Level 1:colcon.colcon_core.package_identification:_identify(.) by extension 'colcon_meta'
[0.489s] Level 1:colcon.colcon_core.package_identification:_identify(.) by extensions ['ros']
[0.489s] Level 1:colcon.colcon_core.package_identification:_identify(.) by extension 'ros'
[0.517s] Level 1:colcon.colcon_core.package_identification:_identify(.) by extensions ['cmake', 'python']
[0.517s] Level 1:colcon.colcon_core.package_identification:_identify(.) by extension 'cmake'
[0.518s] Level 1:colcon.colcon_core.package_identification:_identify(.) by extension 'python'
[0.518s] Level 1:colcon.colcon_core.package_identification:_identify(.) by extensions ['python_setup_py']
[0.518s] Level 1:colcon.colcon_core.package_identification:_identify(.) by extension 'python_setup_py'
[0.518s] Level 1:colcon.colcon_core.package_identification:_identify(actor_plugin) by extensions ['ignore', 'ignore_ament_install']
[0.518s] Level 1:colcon.colcon_core.package_identification:_identify(actor_plugin) by extension 'ignore'
[0.518s] Level 1:colcon.colcon_core.package_identification:_identify(actor_plugin) by extension 'ignore_ament_install'
[0.518s] Level 1:colcon.colcon_core.package_identification:_identify(actor_plugin) by extensions ['colcon_pkg']
[0.518s] Level 1:colcon.colcon_core.package_identification:_identify(actor_plugin) by extension 'colcon_pkg'
[0.518s] Level 1:colcon.colcon_core.package_identification:_identify(actor_plugin) by extensions ['colcon_meta']
[0.518s] Level 1:colcon.colcon_core.package_identification:_identify(actor_plugin) by extension 'colcon_meta'
[0.518s] Level 1:colcon.colcon_core.package_identification:_identify(actor_plugin) by extensions ['ros']
[0.518s] Level 1:colcon.colcon_core.package_identification:_identify(actor_plugin) by extension 'ros'
[0.521s] DEBUG:colcon.colcon_core.package_identification:Package 'actor_plugin' with type 'ros.catkin' and name 'actor_plugin'
[0.522s] Level 1:colcon.colcon_core.package_identification:_identify(actor_services) by extensions ['ignore', 'ignore_ament_install']
[0.522s] Level 1:colcon.colcon_core.package_identification:_identify(actor_services) by extension 'ignore'
[0.523s] Level 1:colcon.colcon_core.package_identification:_identify(actor_services) by extension 'ignore_ament_install'
[0.524s] Level 1:colcon.colcon_core.package_identification:_identify(actor_services) by extensions ['colcon_pkg']
[0.524s] Level 1:colcon.colcon_core.package_identification:_identify(actor_services) by extension 'colcon_pkg'
[0.525s] Level 1:colcon.colcon_core.package_identification:_identify(actor_services) by extensions ['colcon_meta']
[0.525s] Level 1:colcon.colcon_core.package_identification:_identify(actor_services) by extension 'colcon_meta'
[0.525s] Level 1:colcon.colcon_core.package_identification:_identify(actor_services) by extensions ['ros']
[0.525s] Level 1:colcon.colcon_core.package_identification:_identify(actor_services) by extension 'ros'
[0.526s] DEBUG:colcon.colcon_core.package_identification:Package 'actor_services' with type 'ros.catkin' and name 'actor_services'
[0.526s] Level 1:colcon.colcon_core.package_identification:_identify(build) by extensions ['ignore', 'ignore_ament_install']
[0.526s] Level 1:colcon.colcon_core.package_identification:_identify(build) by extension 'ignore'
[0.526s] Level 1:colcon.colcon_core.package_identification:_identify(build) ignored
[0.526s] Level 1:colcon.colcon_core.package_identification:_identify(data_collection) by extensions ['ignore', 'ignore_ament_install']
[0.526s] Level 1:colcon.colcon_core.package_identification:_identify(data_collection) by extension 'ignore'
[0.526s] Level 1:colcon.colcon_core.package_identification:_identify(data_collection) by extension 'ignore_ament_install'
[0.527s] Level 1:colcon.colcon_core.package_identification:_identify(data_collection) by extensions ['colcon_pkg']
[0.527s] Level 1:colcon.colcon_core.package_identification:_identify(data_collection) by extension 'colcon_pkg'
[0.527s] Level 1:colcon.colcon_core.package_identification:_identify(data_collection) by extensions ['colcon_meta']
[0.527s] Level 1:colcon.colcon_core.package_identification:_identify(data_collection) by extension 'colcon_meta'
[0.527s] Level 1:colcon.colcon_core.package_identification:_identify(data_collection) by extensions ['ros']
[0.527s] Level 1:colcon.colcon_core.package_identification:_identify(data_collection) by extension 'ros'
[0.528s] DEBUG:colcon.colcon_core.package_identification:Package 'data_collection' with type 'ros.catkin' and name 'data_collection'
[0.528s] Level 1:colcon.colcon_core.package_identification:_identify(install) by extensions ['ignore', 'ignore_ament_install']
[0.528s] Level 1:colcon.colcon_core.package_identification:_identify(install) by extension 'ignore'
[0.528s] Level 1:colcon.colcon_core.package_identification:_identify(install) ignored
[0.528s] Level 1:colcon.colcon_core.package_identification:_identify(log) by extensions ['ignore', 'ignore_ament_install']
[0.528s] Level 1:colcon.colcon_core.package_identification:_identify(log) by extension 'ignore'
[0.528s] Level 1:colcon.colcon_core.package_identification:_identify(log) ignored
[0.528s] Level 1:colcon.colcon_core.package_identification:_identify(turtlebot3_social) by extensions ['ignore', 'ignore_ament_install']
[0.528s] Level 1:colcon.colcon_core.package_identification:_identify(turtlebot3_social) by extension 'ignore'
[0.528s] Level 1:colcon.colcon_core.package_identification:_identify(turtlebot3_social) by extension 'ignore_ament_install'
[0.529s] Level 1:colcon.colcon_core.package_identification:_identify(turtlebot3_social) by extensions ['colcon_pkg']
[0.529s] Level 1:colcon.colcon_core.package_identification:_identify(turtlebot3_social) by extension 'colcon_pkg'
[0.529s] Level 1:colcon.colcon_core.package_identification:_identify(turtlebot3_social) by extensions ['colcon_meta']
[0.529s] Level 1:colcon.colcon_core.package_identification:_identify(turtlebot3_social) by extension 'colcon_meta'
[0.529s] Level 1:colcon.colcon_core.package_identification:_identify(turtlebot3_social) by extensions ['ros']
[0.529s] Level 1:colcon.colcon_core.package_identification:_identify(turtlebot3_social) by extension 'ros'
[0.531s] DEBUG:colcon.colcon_core.package_identification:Package 'turtlebot3_social' with type 'ros.catkin' and name 'turtlebot3_social'
[0.532s] Level 1:colcon.colcon_core.package_discovery:discover_packages(recursive) using defaults
[0.532s] Level 1:colcon.colcon_core.package_discovery:discover_packages(ignore) discover
[0.532s] Level 1:colcon.colcon_core.package_discovery:discover_packages(ignore) using defaults
[0.532s] Level 1:colcon.colcon_core.package_discovery:discover_packages(path) discover
[0.532s] Level 1:colcon.colcon_core.package_discovery:discover_packages(path) using defaults
[0.558s] INFO:colcon.colcon_core.package_selection:Skipping not selected package 'actor_services' in 'actor_services'
[0.558s] INFO:colcon.colcon_core.package_selection:Skipping not selected package 'actor_plugin' in 'actor_plugin'
[0.558s] INFO:colcon.colcon_core.package_selection:Skipping not selected package 'data_collection' in 'data_collection'
[0.564s] Level 5:colcon.colcon_core.verb:set package 'turtlebot3_social' build argument 'cmake_args' from command line to 'None'
[0.564s] Level 5:colcon.colcon_core.verb:set package 'turtlebot3_social' build argument 'cmake_target' from command line to 'None'
[0.564s] Level 5:colcon.colcon_core.verb:set package 'turtlebot3_social' build argument 'cmake_target_skip_unavailable' from command line to 'False'
[0.564s] Level 5:colcon.colcon_core.verb:set package 'turtlebot3_social' build argument 'cmake_clean_cache' from command line to 'False'
[0.564s] Level 5:colcon.colcon_core.verb:set package 'turtlebot3_social' build argument 'cmake_clean_first' from command line to 'False'
[0.564s] Level 5:colcon.colcon_core.verb:set package 'turtlebot3_social' build argument 'cmake_force_configure' from command line to 'False'
[0.564s] Level 5:colcon.colcon_core.verb:set package 'turtlebot3_social' build argument 'ament_cmake_args' from command line to 'None'
[0.564s] Level 5:colcon.colcon_core.verb:set package 'turtlebot3_social' build argument 'catkin_cmake_args' from command line to 'None'
[0.564s] Level 5:colcon.colcon_core.verb:set package 'turtlebot3_social' build argument 'catkin_skip_building_tests' from command line to 'False'
[0.564s] DEBUG:colcon.colcon_core.verb:Building package 'turtlebot3_social' with the following arguments: {'ament_cmake_args': None, 'build_base': '/home/david/ros2_ws/src/gym_ped_sim/build/turtlebot3_social', 'catkin_cmake_args': None, 'catkin_skip_building_tests': False, 'cmake_args': None, 'cmake_clean_cache': False, 'cmake_clean_first': False, 'cmake_force_configure': False, 'cmake_target': None, 'cmake_target_skip_unavailable': False, 'install_base': '/home/david/ros2_ws/src/gym_ped_sim/install/turtlebot3_social', 'merge_install': False, 'path': '/home/david/ros2_ws/src/gym_ped_sim/turtlebot3_social', 'symlink_install': False, 'test_result_base': None}
[0.565s] INFO:colcon.colcon_core.executor:Executing jobs using 'parallel' executor
[0.570s] DEBUG:colcon.colcon_parallel_executor.executor.parallel:run_until_complete
[0.571s] INFO:colcon.colcon_ros.task.catkin.build:Building ROS package in '/home/david/ros2_ws/src/gym_ped_sim/turtlebot3_social' with build type 'catkin'
[0.571s] INFO:colcon.colcon_cmake.task.cmake.build:Building CMake package in '/home/david/ros2_ws/src/gym_ped_sim/turtlebot3_social'
[0.579s] INFO:colcon.colcon_core.plugin_system:Skipping extension 'colcon_core.shell.bat': Not used on non-Windows systems
[0.579s] INFO:colcon.colcon_core.shell:Skip shell extension 'powershell' for command environment: Not usable outside of PowerShell
[0.579s] DEBUG:colcon.colcon_core.shell:Skip shell extension 'dsv' for command environment
[0.582s] DEBUG:colcon.colcon_core.shell:Ignoring prefix path '/opt/ros/foxy'
[0.592s] DEBUG:colcon.colcon_core.event_handler.log_command:Invoking command in '/home/david/ros2_ws/src/gym_ped_sim/build/turtlebot3_social': /usr/bin/cmake /home/david/ros2_ws/src/gym_ped_sim/turtlebot3_social -DCATKIN_INSTALL_INTO_PREFIX_ROOT=0 -DCMAKE_INSTALL_PREFIX=/home/david/ros2_ws/src/gym_ped_sim/install/turtlebot3_social
[1.619s] DEBUG:colcon.colcon_core.event_handler.log_command:Invoked command in '/home/david/ros2_ws/src/gym_ped_sim/build/turtlebot3_social' returned '1': /usr/bin/cmake /home/david/ros2_ws/src/gym_ped_sim/turtlebot3_social -DCATKIN_INSTALL_INTO_PREFIX_ROOT=0 -DCMAKE_INSTALL_PREFIX=/home/david/ros2_ws/src/gym_ped_sim/install/turtlebot3_social
[1.646s] Level 1:colcon.colcon_core.environment:create_environment_scripts_only(turtlebot3_social)
[1.653s] Level 1:colcon.colcon_core.environment:checking '/home/david/ros2_ws/src/gym_ped_sim/install/turtlebot3_social' for CMake module files
[1.653s] Level 1:colcon.colcon_core.environment:checking '/home/david/ros2_ws/src/gym_ped_sim/install/turtlebot3_social' for CMake config files
[1.654s] Level 1:colcon.colcon_core.environment:checking '/home/david/ros2_ws/src/gym_ped_sim/install/turtlebot3_social/bin'
[1.654s] Level 1:colcon.colcon_core.environment:checking '/home/david/ros2_ws/src/gym_ped_sim/install/turtlebot3_social/lib/pkgconfig/turtlebot3_social.pc'
[1.654s] Level 1:colcon.colcon_core.environment:checking '/home/david/ros2_ws/src/gym_ped_sim/install/turtlebot3_social/lib/python3.8/site-packages'
[1.655s] INFO:colcon.colcon_core.shell:Creating package script '/home/david/ros2_ws/src/gym_ped_sim/install/turtlebot3_social/share/turtlebot3_social/package.ps1'
[1.658s] INFO:colcon.colcon_core.shell:Creating package descriptor '/home/david/ros2_ws/src/gym_ped_sim/install/turtlebot3_social/share/turtlebot3_social/package.dsv'
[1.661s] INFO:colcon.colcon_core.shell:Creating package script '/home/david/ros2_ws/src/gym_ped_sim/install/turtlebot3_social/share/turtlebot3_social/package.sh'
[1.662s] INFO:colcon.colcon_core.shell:Creating package script '/home/david/ros2_ws/src/gym_ped_sim/install/turtlebot3_social/share/turtlebot3_social/package.bash'
[1.663s] INFO:colcon.colcon_core.shell:Creating package script '/home/david/ros2_ws/src/gym_ped_sim/install/turtlebot3_social/share/turtlebot3_social/package.zsh'
[1.663s] Level 1:colcon.colcon_core.environment:create_file_with_runtime_dependencies(/home/david/ros2_ws/src/gym_ped_sim/install/turtlebot3_social/share/colcon-core/packages/turtlebot3_social)
[1.675s] DEBUG:colcon.colcon_parallel_executor.executor.parallel:closing loop
[1.676s] DEBUG:colcon.colcon_parallel_executor.executor.parallel:loop closed
[1.676s] DEBUG:colcon.colcon_parallel_executor.executor.parallel:run_until_complete finished with '1'
[1.676s] DEBUG:colcon.colcon_core.event_reactor:joining thread
[1.683s] INFO:colcon.colcon_core.plugin_system:Skipping extension 'colcon_notification.desktop_notification.notify_send': Could not find 'notify-send'
[1.683s] INFO:colcon.colcon_core.plugin_system:Skipping extension 'colcon_notification.desktop_notification.terminal_notifier': Not used on non-Darwin systems
[1.686s] INFO:colcon.colcon_core.plugin_system:Skipping extension 'colcon_notification.desktop_notification.win32': Not used on non-Windows systems
[1.687s] INFO:colcon.colcon_notification.desktop_notification:Sending desktop notification using 'notify2'
[2.134s] DEBUG:colcon.colcon_core.event_reactor:joined thread
[2.135s] INFO:colcon.colcon_core.shell:Creating prefix script '/home/david/ros2_ws/src/gym_ped_sim/install/local_setup.ps1'
[2.138s] INFO:colcon.colcon_core.shell:Creating prefix util module '/home/david/ros2_ws/src/gym_ped_sim/install/_local_setup_util_ps1.py'
[2.139s] INFO:colcon.colcon_core.shell:Creating prefix chain script '/home/david/ros2_ws/src/gym_ped_sim/install/setup.ps1'
[2.146s] INFO:colcon.colcon_core.shell:Creating prefix script '/home/david/ros2_ws/src/gym_ped_sim/install/local_setup.sh'
[2.146s] INFO:colcon.colcon_core.shell:Creating prefix util module '/home/david/ros2_ws/src/gym_ped_sim/install/_local_setup_util_sh.py'
[2.147s] INFO:colcon.colcon_core.shell:Creating prefix chain script '/home/david/ros2_ws/src/gym_ped_sim/install/setup.sh'
[2.153s] INFO:colcon.colcon_core.shell:Creating prefix script '/home/david/ros2_ws/src/gym_ped_sim/install/local_setup.bash'
[2.154s] INFO:colcon.colcon_core.shell:Creating prefix chain script '/home/david/ros2_ws/src/gym_ped_sim/install/setup.bash'
[2.157s] INFO:colcon.colcon_core.shell:Creating prefix script '/home/david/ros2_ws/src/gym_ped_sim/install/local_setup.zsh'
[2.158s] INFO:colcon.colcon_core.shell:Creating prefix chain script '/home/david/ros2_ws/src/gym_ped_sim/install/setup.zsh'
