[0.020s] Invoking command in '/home/david/ros2_ws/src/gym_ped_sim/build/turtlebot3_social': /usr/bin/cmake /home/david/ros2_ws/src/gym_ped_sim/turtlebot3_social -DCATKIN_INSTALL_INTO_PREFIX_ROOT=0 -DCMAKE_INSTALL_PREFIX=/home/david/ros2_ws/src/gym_ped_sim/install/turtlebot3_social
[0.152s] -- The C compiler identification is GNU 9.3.0
[0.277s] -- The CXX compiler identification is GNU 9.3.0
[0.288s] -- Check for working C compiler: /usr/bin/cc
[0.436s] -- Check for working C compiler: /usr/bin/cc -- works
[0.445s] -- Detecting C compiler ABI info
[0.566s] -- Detecting C compiler ABI info - done
[0.594s] -- Detecting C compile features
[0.595s] -- Detecting C compile features - done
[0.605s] -- Check for working CXX compiler: /usr/bin/c++
[0.808s] -- Check for working CXX compiler: /usr/bin/c++ -- works
[0.813s] -- Detecting CXX compiler ABI info
[0.987s] -- Detecting CXX compiler ABI info - done
[1.019s] -- Detecting CXX compile features
[1.020s] -- Detecting CXX compile features - done
[1.040s] CMake Error at CMakeLists.txt:10 (find_package):
[1.041s]   By not providing "Findcatkin.cmake" in CMAKE_MODULE_PATH this project has
[1.041s]   asked CMake to find a package configuration file provided by "catkin", but
[1.041s]   CMake did not find one.
[1.041s] 
[1.041s]   Could not find a package configuration file provided by "catkin" with any
[1.041s]   of the following names:
[1.041s] 
[1.041s]     catkinConfig.cmake
[1.041s]     catkin-config.cmake
[1.041s] 
[1.041s]   Add the installation prefix of "catkin" to CMAKE_PREFIX_PATH or set
[1.042s]   "catkin_DIR" to a directory containing one of the above files.  If "catkin"
[1.042s]   provides a separate development package or SDK, be sure it has been
[1.042s]   installed.
[1.042s] 
[1.042s] 
[1.042s] -- Configuring incomplete, errors occurred!
[1.042s] See also "/home/david/ros2_ws/src/gym_ped_sim/build/turtlebot3_social/CMakeFiles/CMakeOutput.log".
[1.048s] Invoked command in '/home/david/ros2_ws/src/gym_ped_sim/build/turtlebot3_social' returned '1': /usr/bin/cmake /home/david/ros2_ws/src/gym_ped_sim/turtlebot3_social -DCATKIN_INSTALL_INTO_PREFIX_ROOT=0 -DCMAKE_INSTALL_PREFIX=/home/david/ros2_ws/src/gym_ped_sim/install/turtlebot3_social
